#
# There is insufficient memory for the Java Runtime Environment to continue.
# Native memory allocation (mmap) failed to map 266338304 bytes for G1 virtual space
# Possible reasons:
#   The system is out of physical RAM or swap space
#   The process is running with CompressedOops enabled, and the Java Heap may be blocking the growth of the native heap
# Possible solutions:
#   Reduce memory load on the system
#   Increase physical memory or swap space
#   Check if swap backing store is full
#   Decrease Java heap size (-Xmx/-Xms)
#   Decrease number of Java threads
#   Decrease Java thread stack sizes (-Xss)
#   Set larger code cache with -XX:ReservedCodeCacheSize=
#   JVM is running with Zero Based Compressed Oops mode in which the Java heap is
#     placed in the first 32GB address space. The Java Heap base address is the
#     maximum limit for the native heap growth. Please use -XX:HeapBaseMinAddress
#     to set the Java Heap base and to place the Java Heap above 32GB virtual address.
# This output file may be truncated or incomplete.
#
#  Out of Memory Error (os_windows.cpp:3550), pid=13940, tid=8420
#
# JRE version:  (17.0.6+9) (build )
# Java VM: Java HotSpot(TM) 64-Bit Server VM (17.0.6+9-LTS-190, mixed mode, sharing, tiered, compressed oops, compressed class ptrs, g1 gc, windows-amd64)
# No core dump will be written. Minidumps are not enabled by default on client versions of Windows
#

---------------  S U M M A R Y ------------

Command Line: org.jetbrains.kotlin.cli.jvm.K2JVMCompiler @E:\DPS\DPS\node_modules\react-native-gesture-handler\android\build\20230921_14766199210614286938.compiler.options

Host: Intel(R) Core(TM) i7-7500U CPU @ 2.70GHz, 4 cores, 15G,  Windows 10 , 64 bit Build 19041 (10.0.19041.3393)
Time: Thu Sep 21 18:38:35 2023 Pakistan Standard Time elapsed time: 0.016574 seconds (0d 0h 0m 0s)

---------------  T H R E A D  ---------------

Current thread (0x000002c2a6ef5c70):  JavaThread "Unknown thread" [_thread_in_vm, id=8420, stack(0x000000dbc4400000,0x000000dbc4500000)]

Stack: [0x000000dbc4400000,0x000000dbc4500000]
Native frames: (J=compiled Java code, j=interpreted, Vv=VM code, C=native code)
V  [jvm.dll+0x6734ea]
V  [jvm.dll+0x7d18f4]
V  [jvm.dll+0x7d309e]
V  [jvm.dll+0x7d3703]
V  [jvm.dll+0x2433c5]
V  [jvm.dll+0x6703f9]
V  [jvm.dll+0x664d32]
V  [jvm.dll+0x300086]
V  [jvm.dll+0x307606]
V  [jvm.dll+0x356c1e]
V  [jvm.dll+0x356e4f]
V  [jvm.dll+0x2d72e8]
V  [jvm.dll+0x2d8254]
V  [jvm.dll+0x7a33b1]
V  [jvm.dll+0x3647f1]
V  [jvm.dll+0x782839]
V  [jvm.dll+0x3e757f]
V  [jvm.dll+0x3e9001]
C  [jli.dll+0x5297]
C  [ucrtbase.dll+0x21bb2]
C  [KERNEL32.DLL+0x17344]
C  [ntdll.dll+0x526b1]


---------------  P R O C E S S  ---------------

Threads class SMR info:
_java_thread_list=0x00007ffccb09e958, length=0, elements={
}

Java Threads: ( => current thread )

Other Threads:
  0x000002c2a6f60310 GCTaskThread "GC Thread#0" [stack: 0x000000dbc4500000,0x000000dbc4600000] [id=17028]
  0x000002c2a6f70f10 ConcurrentGCThread "G1 Main Marker" [stack: 0x000000dbc4600000,0x000000dbc4700000] [id=5344]
  0x000002c2a6f71920 ConcurrentGCThread "G1 Conc#0" [stack: 0x000000dbc4700000,0x000000dbc4800000] [id=16940]

[error occurred during error reporting (printing all threads), id 0xc0000005, EXCEPTION_ACCESS_VIOLATION (0xc0000005) at pc=0x00007ffcca8d7f07]

VM state: not at safepoint (not fully initialized)

VM Mutex/Monitor currently owned by a thread:  ([mutex/lock_event])
[0x000002c2a6ef3320] Heap_lock - owner thread: 0x000002c2a6ef5c70

Heap address: 0x0000000703400000, size: 4044 MB, Compressed Oops mode: Zero based, Oop shift amount: 3

CDS archive(s) mapped at: [0x0000000000000000-0x0000000000000000-0x0000000000000000), size 0, SharedBaseAddress: 0x0000000800000000, ArchiveRelocationMode: 0.
Narrow klass base: 0x0000000000000000, Narrow klass shift: 0, Narrow klass range: 0x0

GC Precious Log:
<Empty>

Heap:
 garbage-first heap   total 0K, used 0K [0x0000000703400000, 0x0000000800000000)
  region size 2048K, 0 young (0K), 0 survivors (0K)

[error occurred during error reporting (printing heap information), id 0xc0000005, EXCEPTION_ACCESS_VIOLATION (0xc0000005) at pc=0x00007ffccacbc759]

GC Heap History (0 events):
No events

Deoptimization events (0 events):
No events

Classes unloaded (0 events):
No events

Classes redefined (0 events):
No events

Internal exceptions (0 events):
No events

VM Operations (0 events):
No events

Events (1 events):
Event: 0.010 Loaded shared library C:\Program Files\Java\jdk-17\bin\java.dll


Dynamic libraries:
0x00007ff699bd0000 - 0x00007ff699be0000 	C:\Program Files\Java\jdk-17\bin\java.exe
0x00007ffd0ec10000 - 0x00007ffd0ee08000 	C:\Windows\SYSTEM32\ntdll.dll
0x00007ffd0ce10000 - 0x00007ffd0cecd000 	C:\Windows\System32\KERNEL32.DLL
0x00007ffd0c740000 - 0x00007ffd0ca36000 	C:\Windows\System32\KERNELBASE.dll
0x00007ffd0ca40000 - 0x00007ffd0cb40000 	C:\Windows\System32\ucrtbase.dll
0x00007ffcdd100000 - 0x00007ffcdd118000 	C:\Program Files\Java\jdk-17\bin\jli.dll
0x00007ffd0dca0000 - 0x00007ffd0dd4e000 	C:\Windows\System32\ADVAPI32.dll
0x00007ffd0dff0000 - 0x00007ffd0e08e000 	C:\Windows\System32\msvcrt.dll
0x00007ffd0e710000 - 0x00007ffd0e7ac000 	C:\Windows\System32\sechost.dll
0x00007ffcdd0e0000 - 0x00007ffcdd0fb000 	C:\Program Files\Java\jdk-17\bin\VCRUNTIME140.dll
0x00007ffd0e0a0000 - 0x00007ffd0e1c6000 	C:\Windows\System32\RPCRT4.dll
0x00007ffd0cc70000 - 0x00007ffd0ce0e000 	C:\Windows\System32\USER32.dll
0x00007ffd0c540000 - 0x00007ffd0c562000 	C:\Windows\System32\win32u.dll
0x00007ffd0e3d0000 - 0x00007ffd0e3fc000 	C:\Windows\System32\GDI32.dll
0x00007ffd0c620000 - 0x00007ffd0c73a000 	C:\Windows\System32\gdi32full.dll
0x00007ffd0c4a0000 - 0x00007ffd0c53d000 	C:\Windows\System32\msvcp_win.dll
0x00007ffcf9540000 - 0x00007ffcf97da000 	C:\Windows\WinSxS\amd64_microsoft.windows.common-controls_6595b64144ccf1df_6.0.19041.1110_none_60b5254171f9507e\COMCTL32.dll
0x00007ffd02f40000 - 0x00007ffd02f4a000 	C:\Windows\SYSTEM32\VERSION.dll
0x00007ffd0e400000 - 0x00007ffd0e430000 	C:\Windows\System32\IMM32.DLL
0x00007ffd073f0000 - 0x00007ffd073fc000 	C:\Program Files\Java\jdk-17\bin\vcruntime140_1.dll
0x00007ffcd8b20000 - 0x00007ffcd8bae000 	C:\Program Files\Java\jdk-17\bin\msvcp140.dll
0x00007ffcca5f0000 - 0x00007ffccb1c7000 	C:\Program Files\Java\jdk-17\bin\server\jvm.dll
0x00007ffd0e430000 - 0x00007ffd0e438000 	C:\Windows\System32\PSAPI.DLL
0x00007ffcf5090000 - 0x00007ffcf5099000 	C:\Windows\SYSTEM32\WSOCK32.dll
0x00007ffd0df20000 - 0x00007ffd0df8b000 	C:\Windows\System32\WS2_32.dll
0x00007ffcf5dc0000 - 0x00007ffcf5de7000 	C:\Windows\SYSTEM32\WINMM.dll
0x00007ffd0ab60000 - 0x00007ffd0ab72000 	C:\Windows\SYSTEM32\kernel.appcore.dll
0x00007ffd02740000 - 0x00007ffd0274a000 	C:\Program Files\Java\jdk-17\bin\jimage.dll
0x00007ffd0a7e0000 - 0x00007ffd0a9c4000 	C:\Windows\SYSTEM32\DBGHELP.DLL
0x00007ffcf2360000 - 0x00007ffcf2394000 	C:\Windows\SYSTEM32\dbgcore.DLL
0x00007ffd0cbb0000 - 0x00007ffd0cc32000 	C:\Windows\System32\bcryptPrimitives.dll
0x00007ffcdd0b0000 - 0x00007ffcdd0d5000 	C:\Program Files\Java\jdk-17\bin\java.dll

dbghelp: loaded successfully - version: 4.0.5 - missing functions: none
symbol engine: initialized successfully - sym options: 0x614 - pdb path: .;C:\Program Files\Java\jdk-17\bin;C:\Windows\SYSTEM32;C:\Windows\WinSxS\amd64_microsoft.windows.common-controls_6595b64144ccf1df_6.0.19041.1110_none_60b5254171f9507e;C:\Program Files\Java\jdk-17\bin\server

VM Arguments:
java_command: org.jetbrains.kotlin.cli.jvm.K2JVMCompiler @E:\DPS\DPS\node_modules\react-native-gesture-handler\android\build\20230921_14766199210614286938.compiler.options
java_class_path (initial): C:\Users\Hazoori\.gradle\caches\modules-2\files-2.1\org.jetbrains.kotlin\kotlin-compiler-embeddable\1.6.21\97bdd5a752ce73b58ef16c17bc7f0ea2faff7a2e\kotlin-compiler-embeddable-1.6.21.jar;C:\Users\Hazoori\.gradle\caches\modules-2\files-2.1\org.jetbrains.kotlin\kotlin-reflect\1.6.21\5dc3574d9b7bebfcb4ec6b10ada4aaa9e140bd0b\kotlin-reflect-1.6.21.jar;C:\Users\Hazoori\.gradle\caches\modules-2\files-2.1\org.jetbrains.kotlin\kotlin-stdlib\1.6.21\11ef67f1900634fd951bad28c53ec957fabbe5b8\kotlin-stdlib-1.6.21.jar;C:\Users\Hazoori\.gradle\caches\modules-2\files-2.1\org.jetbrains.kotlin\kotlin-script-runtime\1.6.21\99c6675100da5d6d5b1c5a1032f27f28008d101b\kotlin-script-runtime-1.6.21.jar;C:\Users\Hazoori\.gradle\caches\modules-2\files-2.1\org.jetbrains.kotlin\kotlin-daemon-embeddable\1.6.21\46b78cf392e1c4f10854c3cadba44abb7b82250f\kotlin-daemon-embeddable-1.6.21.jar;C:\Users\Hazoori\.gradle\caches\modules-2\files-2.1\org.jetbrains.intellij.deps\trove4j\1.0.20200330\3afb14d5f9ceb459d724e907a21145e8ff394f02\trove4j-1.0.20200330.jar;C:\Users\Hazoori\.gradle\caches\modules-2\files-2.1\net.java.dev.jna\jna\5.6.0\330f2244e9030119ab3030fc3fededc86713d9cc\jna-5.6.0.jar;C:\Users\Hazoori\.gradle\caches\modules-2\files-2.1\org.jetbrains.kotlin\kotlin-stdlib-common\1.6.21\5e5b55c26dbc80372a920aef60eb774b714559b8\kotlin-stdlib-common-1.6.21.jar;C:\Users\Hazoori\.gradle\caches\modules-2\files-2.1\org.jetbrains\annotations\13.0\919f0dfe192fb4e063e7dacadee7f8bb9a2672a9\annotations-13.0.jar
Launcher Type: SUN_STANDARD

[Global flags]
     intx CICompilerCount                          = 3                                         {product} {ergonomic}
     uint ConcGCThreads                            = 1                                         {product} {ergonomic}
     uint G1ConcRefinementThreads                  = 4                                         {product} {ergonomic}
   size_t G1HeapRegionSize                         = 2097152                                   {product} {ergonomic}
    uintx GCDrainStackTargetSize                   = 64                                        {product} {ergonomic}
   size_t InitialHeapSize                          = 266338304                                 {product} {ergonomic}
   size_t MarkStackSize                            = 4194304                                   {product} {ergonomic}
   size_t MaxHeapSize                              = 4240441344                                {product} {ergonomic}
   size_t MinHeapDeltaBytes                        = 2097152                                   {product} {ergonomic}
   size_t MinHeapSize                              = 8388608                                   {product} {ergonomic}
    uintx NonNMethodCodeHeapSize                   = 5832780                                {pd product} {ergonomic}
    uintx NonProfiledCodeHeapSize                  = 122912730                              {pd product} {ergonomic}
    uintx ProfiledCodeHeapSize                     = 122912730                              {pd product} {ergonomic}
    uintx ReservedCodeCacheSize                    = 251658240                              {pd product} {ergonomic}
     bool SegmentedCodeCache                       = true                                      {product} {ergonomic}
   size_t SoftMaxHeapSize                          = 4240441344                             {manageable} {ergonomic}
     bool UseCompressedClassPointers               = true                           {product lp64_product} {ergonomic}
     bool UseCompressedOops                        = true                           {product lp64_product} {ergonomic}
     bool UseG1GC                                  = true                                      {product} {ergonomic}
     bool UseLargePagesIndividualAllocation        = false                                  {pd product} {ergonomic}

Logging:
Log output configuration:
 #0: stdout all=warning uptime,level,tags
 #1: stderr all=off uptime,level,tags

Environment Variables:
JAVA_HOME=C:\Program Files\Java\jdk-17
CLASSPATH=E:\DPS\DPS\android\\gradle\wrapper\gradle-wrapper.jar
PATH=C:\Users\Hazoori\AppData\Local\Temp\yarn--1695303439503-0.27809515919088734;E:\DPS\DPS\node_modules\.bin;C:\Users\Hazoori\AppData\Local\Yarn\Data\link\node_modules\.bin;C:\Users\Hazoori\AppData\Local\Yarn\bin;C:\Program Files\libexec\lib\node_modules\npm\bin\node-gyp-bin;C:\Program Files\lib\node_modules\npm\bin\node-gyp-bin;C:\Program Files\nodejs\node_modules\npm\bin\node-gyp-bin;C:\Program Files\Common Files\Oracle\Java\javapath;C:\Windows\system32;C:\Windows;C:\Windows\System32\Wbem;C:\Windows\System32\WindowsPowerShell\v1.0\;C:\Windows\System32\OpenSSH\;C:\Program Files\Java\jdk-17\bin;C:\Program Files\nodejs\;C:\Program Files\Git\cmd;C:\Program Files\dotnet\;C:\Users\Hazoori\AppData\Local\Android\Sdk\tools;C:\Users\Hazoori\AppData\Local\Android\Sdk\tools;C:\Users\Hazoori\AppData\Local\Programs\Python\Python311\Scripts\;C:\Users\Hazoori\AppData\Local\Programs\Python\Python311\;C:\Users\Hazoori\AppData\Local\Microsoft\WindowsApps;C:\Users\Hazoori\AppData\Local\Programs\Microsoft VS Code\bin;C:\Users\Hazoori\AppData\Roaming\npm;C:\Users\Hazoori\AppData\Local\Android\Sdk\platform-tools;C:\Users\Hazoori\AppData\Local\GitHubDesktop\bin
USERNAME=Hazoori
LANG=en_US.UTF-8
OS=Windows_NT
PROCESSOR_IDENTIFIER=Intel64 Family 6 Model 142 Stepping 9, GenuineIntel



---------------  S Y S T E M  ---------------

OS:
 Windows 10 , 64 bit Build 19041 (10.0.19041.3393)
OS uptime: 3 days 0:01 hours

CPU: total 4 (initial active 4) (2 cores per cpu, 2 threads per core) family 6 model 142 stepping 9 microcode 0xde, cx8, cmov, fxsr, ht, mmx, 3dnowpref, sse, sse2, sse3, ssse3, sse4.1, sse4.2, popcnt, lzcnt, tsc, tscinvbit, avx, avx2, aes, erms, clmul, bmi1, bmi2, adx, fma, vzeroupper, clflush, clflushopt

Memory: 4k page, system-wide physical 16174M (4306M free)
TotalPageFile size 18763M (AvailPageFile size 122M)
current process WorkingSet (physical memory assigned to process): 10M, peak: 10M
current process commit charge ("private bytes"): 51M, peak: 305M

vm_info: Java HotSpot(TM) 64-Bit Server VM (17.0.6+9-LTS-190) for windows-amd64 JRE (17.0.6+9-LTS-190), built on Dec  6 2022 15:53:54 by "mach5one" with MS VC++ 17.1 (VS2022)

END.
